<?xml version="1.0" encoding="UTF-8"?>
<testng-results ignored="0" total="1" passed="1" failed="0" skipped="0">
  <reporter-output>
  </reporter-output>
  <suite started-at="2023-10-10T21:16:52 NZDT" name="Default suite" finished-at="2023-10-10T21:17:16 NZDT" duration-ms="23971">
    <groups>
    </groups>
    <test started-at="2023-10-10T21:16:52 NZDT" name="Default test" finished-at="2023-10-10T21:17:16 NZDT" duration-ms="23971">
      <class name="demo.Test1">
        <test-method is-config="true" signature="setUp()[pri:0, instance:demo.Test1@795509d9]" started-at="2023-10-10T21:16:52 NZDT" name="setUp" finished-at="2023-10-10T21:16:59 NZDT" duration-ms="6764" status="PASS">
          <reporter-output>
          </reporter-output>
        </test-method> <!-- setUp -->
        <test-method signature="test1()[pri:0, instance:demo.Test1@795509d9]" started-at="2023-10-10T21:16:59 NZDT" name="test1" finished-at="2023-10-10T21:17:15 NZDT" duration-ms="16531" status="PASS">
          <reporter-output>
          </reporter-output>
        </test-method> <!-- test1 -->
        <test-method is-config="true" signature="tearDown()[pri:0, instance:demo.Test1@795509d9]" started-at="2023-10-10T21:17:15 NZDT" name="tearDown" finished-at="2023-10-10T21:17:16 NZDT" duration-ms="565" status="PASS">
          <reporter-output>
          </reporter-output>
        </test-method> <!-- tearDown -->
      </class> <!-- demo.Test1 -->
    </test> <!-- Default test -->
  </suite> <!-- Default suite -->
</testng-results>
